[    6667ms] [INFO] %cDownload the React DevTools for a better development experience: https://reactjs.org/link/react-devtools font-weight:bold @ http://localhost:5174/cumsino/node_modules/.vite/deps/chunk-6GSFWH52.js?v=6fefe451:21550
[    6751ms] [ERROR] Failed to load resource: the server responded with a status of 404 (Not Found) @ http://localhost:5174/favicon.ico:0
[   15950ms] [ERROR] Access to XMLHttpRequest at 'http://localhost:3001/socket.io/?EIO=4&transport=polling&t=lbxg4szd' from origin 'http://localhost:5174' has been blocked by CORS policy: The 'Access-Control-Allow-Origin' header has a value 'http://localhost:5173' that is not equal to the supplied origin. @ http://localhost:5174/cumsino/:0
[   15950ms] [ERROR] Failed to load resource: net::ERR_FAILED @ http://localhost:3001/socket.io/?EIO=4&transport=polling&t=lbxg4szd:0
[   16711ms] [ERROR] Access to XMLHttpRequest at 'http://localhost:3001/socket.io/?EIO=4&transport=polling&t=lby1k7er' from origin 'http://localhost:5174' has been blocked by CORS policy: The 'Access-Control-Allow-Origin' header has a value 'http://localhost:5173' that is not equal to the supplied origin. @ http://localhost:5174/cumsino/:0
[   16712ms] [ERROR] Failed to load resource: net::ERR_FAILED @ http://localhost:3001/socket.io/?EIO=4&transport=polling&t=lby1k7er:0
[   17887ms] [ERROR] Access to XMLHttpRequest at 'http://localhost:3001/socket.io/?EIO=4&transport=polling&t=lbyy7ned' from origin 'http://localhost:5174' has been blocked by CORS policy: The 'Access-Control-Allow-Origin' header has a value 'http://localhost:5173' that is not equal to the supplied origin. @ http://localhost:5174/cumsino/:0
[   17887ms] [ERROR] Failed to load resource: net::ERR_FAILED @ http://localhost:3001/socket.io/?EIO=4&transport=polling&t=lbyy7ned:0
[   22897ms] [ERROR] Access to XMLHttpRequest at 'http://localhost:3001/socket.io/?EIO=4&transport=polling&t=lc2tev1q' from origin 'http://localhost:5174' has been blocked by CORS policy: The 'Access-Control-Allow-Origin' header has a value 'http://localhost:5173' that is not equal to the supplied origin. @ http://localhost:5174/cumsino/:0
[   22898ms] [ERROR] Failed to load resource: net::ERR_FAILED @ http://localhost:3001/socket.io/?EIO=4&transport=polling&t=lc2tev1q:0
[   27916ms] [ERROR] Access to XMLHttpRequest at 'http://localhost:3001/socket.io/?EIO=4&transport=polling&t=lc6osw2h' from origin 'http://localhost:5174' has been blocked by CORS policy: The 'Access-Control-Allow-Origin' header has a value 'http://localhost:5173' that is not equal to the supplied origin. @ http://localhost:5174/cumsino/:0
[   27916ms] [ERROR] Failed to load resource: net::ERR_FAILED @ http://localhost:3001/socket.io/?EIO=4&transport=polling&t=lc6osw2h:0
[   32921ms] [ERROR] Access to XMLHttpRequest at 'http://localhost:3001/socket.io/?EIO=4&transport=polling&t=lcajtyyu' from origin 'http://localhost:5174' has been blocked by CORS policy: The 'Access-Control-Allow-Origin' header has a value 'http://localhost:5173' that is not equal to the supplied origin. @ http://localhost:5174/cumsino/:0
[   32921ms] [ERROR] Failed to load resource: net::ERR_FAILED @ http://localhost:3001/socket.io/?EIO=4&transport=polling&t=lcajtyyu:0
[   37938ms] [ERROR] Access to XMLHttpRequest at 'http://localhost:3001/socket.io/?EIO=4&transport=polling&t=lcef7k14' from origin 'http://localhost:5174' has been blocked by CORS policy: The 'Access-Control-Allow-Origin' header has a value 'http://localhost:5173' that is not equal to the supplied origin. @ http://localhost:5174/cumsino/:0
[   37938ms] [ERROR] Failed to load resource: net::ERR_FAILED @ http://localhost:3001/socket.io/?EIO=4&transport=polling&t=lcef7k14:0
[   42949ms] [ERROR] Access to XMLHttpRequest at 'http://localhost:3001/socket.io/?EIO=4&transport=polling&t=lciadh63' from origin 'http://localhost:5174' has been blocked by CORS policy: The 'Access-Control-Allow-Origin' header has a value 'http://localhost:5173' that is not equal to the supplied origin. @ http://localhost:5174/cumsino/:0
[   42949ms] [ERROR] Failed to load resource: net::ERR_FAILED @ http://localhost:3001/socket.io/?EIO=4&transport=polling&t=lciadh63:0
[   47959ms] [ERROR] Access to XMLHttpRequest at 'http://localhost:3001/socket.io/?EIO=4&transport=polling&t=lcm5kaai' from origin 'http://localhost:5174' has been blocked by CORS policy: The 'Access-Control-Allow-Origin' header has a value 'http://localhost:5173' that is not equal to the supplied origin. @ http://localhost:5174/cumsino/:0
[   47959ms] [ERROR] Failed to load resource: net::ERR_FAILED @ http://localhost:3001/socket.io/?EIO=4&transport=polling&t=lcm5kaai:0
[   52976ms] [ERROR] Access to XMLHttpRequest at 'http://localhost:3001/socket.io/?EIO=4&transport=polling&t=lcq0weyi' from origin 'http://localhost:5174' has been blocked by CORS policy: The 'Access-Control-Allow-Origin' header has a value 'http://localhost:5173' that is not equal to the supplied origin. @ http://localhost:5174/cumsino/:0
[   52976ms] [ERROR] Failed to load resource: net::ERR_FAILED @ http://localhost:3001/socket.io/?EIO=4&transport=polling&t=lcq0weyi:0
[   57986ms] [ERROR] Access to XMLHttpRequest at 'http://localhost:3001/socket.io/?EIO=4&transport=polling&t=lctw2xxb' from origin 'http://localhost:5174' has been blocked by CORS policy: The 'Access-Control-Allow-Origin' header has a value 'http://localhost:5173' that is not equal to the supplied origin. @ http://localhost:5174/cumsino/:0
[   57986ms] [ERROR] Failed to load resource: net::ERR_FAILED @ http://localhost:3001/socket.io/?EIO=4&transport=polling&t=lctw2xxb:0
[   62992ms] [ERROR] Access to XMLHttpRequest at 'http://localhost:3001/socket.io/?EIO=4&transport=polling&t=lcxr5n1e' from origin 'http://localhost:5174' has been blocked by CORS policy: The 'Access-Control-Allow-Origin' header has a value 'http://localhost:5173' that is not equal to the supplied origin. @ http://localhost:5174/cumsino/:0
[   62993ms] [ERROR] Failed to load resource: net::ERR_FAILED @ http://localhost:3001/socket.io/?EIO=4&transport=polling&t=lcxr5n1e:0
[   68007ms] [ERROR] Access to XMLHttpRequest at 'http://localhost:3001/socket.io/?EIO=4&transport=polling&t=ld1mfrib' from origin 'http://localhost:5174' has been blocked by CORS policy: The 'Access-Control-Allow-Origin' header has a value 'http://localhost:5173' that is not equal to the supplied origin. @ http://localhost:5174/cumsino/:0
[   68007ms] [ERROR] Failed to load resource: net::ERR_FAILED @ http://localhost:3001/socket.io/?EIO=4&transport=polling&t=ld1mfrib:0
[   73018ms] [ERROR] Access to XMLHttpRequest at 'http://localhost:3001/socket.io/?EIO=4&transport=polling&t=ld5hnd0y' from origin 'http://localhost:5174' has been blocked by CORS policy: The 'Access-Control-Allow-Origin' header has a value 'http://localhost:5173' that is not equal to the supplied origin. @ http://localhost:5174/cumsino/:0
[   73018ms] [ERROR] Failed to load resource: net::ERR_FAILED @ http://localhost:3001/socket.io/?EIO=4&transport=polling&t=ld5hnd0y:0
[   78025ms] [ERROR] Access to XMLHttpRequest at 'http://localhost:3001/socket.io/?EIO=4&transport=polling&t=ld9cpffg' from origin 'http://localhost:5174' has been blocked by CORS policy: The 'Access-Control-Allow-Origin' header has a value 'http://localhost:5173' that is not equal to the supplied origin. @ http://localhost:5174/cumsino/:0
[   78025ms] [ERROR] Failed to load resource: net::ERR_FAILED @ http://localhost:3001/socket.io/?EIO=4&transport=polling&t=ld9cpffg:0
